INFO:  latexindent.pl version 3.12, 2021-09-16, a script to indent .tex files
       latexindent.pl lives here: C:/Users/stefa/AppData/Local/Programs/MiKTeX/scripts/latexindent/
       Mon May 23 15:53:11 2022
       Filename: c:/Users/stefa/Documents/universita/Quinto_Anno/primo_semestre/small_project/report/sections/__latexindent_temp.tex
INFO:  Processing switches:
       -y|--yaml: YAML settings specified via command line
       -m|--modifylinebreaks: modify line breaks
       -c|--cruft: cruft directory
INFO:  Directory for backup files and c:/Users/stefa/Documents/universita/Quinto_Anno/primo_semestre/small_project/report//indent.log: c:/Users/stefa/Documents/universita/Quinto_Anno/primo_semestre/small_project/report/
INFO:  Perl modules are being loaded from the following directories:
       C:/Strawberry/perl/lib/FindBin.pm
       C:/Strawberry/perl/vendor/lib/YAML/Tiny.pm
       C:/Strawberry/perl/lib/File/Copy.pm
       C:/Strawberry/perl/lib/File/Basename.pm
       C:/Strawberry/perl/lib/Getopt/Long.pm
       C:/Strawberry/perl/vendor/lib/File/HomeDir.pm
       C:/Strawberry/perl/vendor/lib/Unicode/GCString.pm
INFO:  LatexIndent perl modules are being loaded from, for example:
       C:/Users/stefa/AppData/Local/Programs/MiKTeX/scripts/latexindent/LatexIndent/Document.pm
INFO:  YAML settings read: defaultSettings.yaml
       Reading defaultSettings.yaml from C:/Users/stefa/AppData/Local/Programs/MiKTeX/scripts/latexindent/defaultSettings.yaml
INFO:  YAML settings read: indentconfig.yaml or .indentconfig.yaml
       Home directory is C:\Users\stefa (didn't find either indentconfig.yaml or .indentconfig.yaml)
       To specify user settings you would put indentconfig.yaml here: C:\Users\stefa/indentconfig.yaml
       Alternatively, you can use the hidden file .indentconfig.yaml as: C:\Users\stefa/.indentconfig.yaml
INFO:  YAML settings read: -y switch
       YAML setting: modifyLineBreaks:preserveBlankLines:1;condenseMultipleBlankLinesInto:1;textWrapOptions:columns:110separator:
       -y switch value interpreted as: modifyLineBreaks:preserveBlankLines:1,modifyLineBreaks:condenseMultipleBlankLinesInto:1,modifyLineBreaks:textWrapOptions:columns:110separator:
       Updating mainSettings with modifyLineBreaks: preserveBlankLines: 1
       Updating mainSettings with modifyLineBreaks: condenseMultipleBlankLinesInto: 1
       Updating mainSettings with modifyLineBreaks: textWrapOptions: columns: 110separator
INFO:  Phase 1: searching for objects
INFO:  Phase 2: finding surrounding indentation
INFO:  Phase 3: indenting objects
INFO:  Phase 4: final indentation check
INFO:  Output routine:
       Not outputting to file; see -w and -o switches for more options.
       --------------
INFO:  Please direct all communication/issues to:
        https://github.com/cmhughes/latexindent.pl
