make.exe --dry-run --always-make --keep-going --print-directory
make.exe: Entering directory `c:/Users/stefa/Documents/universita/Quinto_Anno/primo_semestre/small_project/merkle_tree'
c++ -O3 -march=native -std=c++11 -fopenmp -Iinclude -c  -o build/benchmark.d.o
mkdir -p build
mkdir -p bin
mkdir -p lib
echo -e '#!/bin/sh\nSCRIPTPATH=$(dirname "$(readlink -f "$0")")\n$SCRIPTPATH/abr;\n $SCRIPTPATH/abr_gadget;\n $SCRIPTPATH/mimc256;\n $SCRIPTPATH/mimcf512;\n $SCRIPTPATH/mtree;\n $SCRIPTPATH/mtree_gadget;\n $SCRIPTPATH/pmtree_gadget;\n $SCRIPTPATH/sha256;\n $SCRIPTPATH/sha512;\n' > bin/test.sh
c++ -O3 -march=native -std=c++11 -fopenmp -Iinclude -std=c++20 -c test/cpp20/abr.cpp -o build/test_abr.o
c++ -O3 -march=native -std=c++11 -fopenmp -Iinclude build/test_abr.o -o bin/abr -lff -lgmp -lgmpxx -lsnark -lprocps
c++ -O3 -march=native -std=c++11 -fopenmp -Iinclude -c test/abr_gadget.cpp -o build/test_abr_gadget.o
c++ -O3 -march=native -std=c++11 -fopenmp -Iinclude build/test_abr_gadget.o -o bin/abr_gadget -lff -lgmp -lgmpxx -lsnark -lprocps
c++ -O3 -march=native -std=c++11 -fopenmp -Iinclude -std=c++20 -c test/cpp20/mimc256.cpp -o build/test_mimc256.o
c++ -O3 -march=native -std=c++11 -fopenmp -Iinclude build/test_mimc256.o -o bin/mimc256 -lff -lgmp -lgmpxx -lsnark -lprocps
c++ -O3 -march=native -std=c++11 -fopenmp -Iinclude -std=c++20 -c test/cpp20/mimcf512.cpp -o build/test_mimcf512.o
c++ -O3 -march=native -std=c++11 -fopenmp -Iinclude build/test_mimcf512.o -o bin/mimcf512 -lff -lgmp -lgmpxx -lsnark -lprocps
c++ -O3 -march=native -std=c++11 -fopenmp -Iinclude -std=c++20 -c test/cpp20/mtree.cpp -o build/test_mtree.o
c++ -O3 -march=native -std=c++11 -fopenmp -Iinclude build/test_mtree.o -o bin/mtree -lff -lgmp -lgmpxx -lsnark -lprocps
c++ -O3 -march=native -std=c++11 -fopenmp -Iinclude -c test/mtree_gadget.cpp -o build/test_mtree_gadget.o
c++ -O3 -march=native -std=c++11 -fopenmp -Iinclude build/test_mtree_gadget.o -o bin/mtree_gadget -lff -lgmp -lgmpxx -lsnark -lprocps
c++ -O3 -march=native -std=c++11 -fopenmp -Iinclude -c test/pmtree_gadget.cpp -o build/test_pmtree_gadget.o
c++ -O3 -march=native -std=c++11 -fopenmp -Iinclude build/test_pmtree_gadget.o -o bin/pmtree_gadget -lff -lgmp -lgmpxx -lsnark -lprocps
c++ -O3 -march=native -std=c++11 -fopenmp -Iinclude -std=c++20 -c test/cpp20/sha256.cpp -o build/test_sha256.o
c++ -O3 -march=native -std=c++11 -fopenmp -Iinclude build/test_sha256.o -o bin/sha256 -lff -lgmp -lgmpxx -lsnark -lprocps
c++ -O3 -march=native -std=c++11 -fopenmp -Iinclude -std=c++20 -c test/cpp20/sha512.cpp -o build/test_sha512.o
c++ -O3 -march=native -std=c++11 -fopenmp -Iinclude build/test_sha512.o -o bin/sha512 -lff -lgmp -lgmpxx -lsnark -lprocps
c++ -O3 -march=native -std=c++11 -fopenmp -Iinclude -c src/benchmark.cpp -o build/benchmark.o
c++ -O3 -march=native -std=c++11 -fopenmp -Iinclude build/benchmark.o -o bin/benchmark -lff -lgmp -lgmpxx -lsnark -lprocps
ar r lib/libabr.a build/benchmark.o
rm build/benchmark.d.o
make.exe: Leaving directory `c:/Users/stefa/Documents/universita/Quinto_Anno/primo_semestre/small_project/merkle_tree'
 
c++: fatal error: no input files
compilation terminated.
 
